#
# A fatal error has been detected by the Java Runtime Environment:
#
#  EXCEPTION_ACCESS_VIOLATION (0xc0000005) at pc=0x0000000078a77453, pid=6040, tid=7192
#
# JRE version: 6.0_17-b04
# Java VM: Java HotSpot(TM) 64-Bit Server VM (14.3-b01 mixed mode windows-amd64 )
# Problematic frame:
# C  0x0000000078a77453
#
# If you would like to submit a bug report, please visit:
#   http://java.sun.com/webapps/bugreport/crash.jsp
#

---------------  T H R E A D  ---------------

Current thread (0x0000000077afc800):  JavaThread "Main message loop" daemon [_thread_in_vm, id=7192, stack(0x00000000f9fa0000,0x00000000fdfa0000)]

siginfo: ExceptionCode=0xc0000005, reading address 0x000000000e32aa20

Registers:
EAX=0x0000000000000000, EBX=0x0000000077afc800, ECX=0x0000000000000c80, EDX=0x000000000e32aa20
ESP=0x00000000fdf84760, EBP=0x0000000000000001, ESI=0x0000000077afc9b8, EDI=0x000000000e32aa20
EIP=0x0000000078a77453, EFLAGS=0x0000000000010246

Top of Stack: (sp=0x00000000fdf84760)
0x00000000fdf84760:   0000000029b66f18 0000000000000000
0x00000000fdf84770:   00000000fdf84788 0000000078a88418
0x00000000fdf84780:   0000000077afc800 0000000000000000
0x00000000fdf84790:   00000000fdf84790 0000000029a819d8
0x00000000fdf847a0:   00000000fdf847e8 00000000676a140d
0x00000000fdf847b0:   000000000e32aa20 0000000000000001
0x00000000fdf847c0:   0000000000000000 00000000fdf847b0
0x00000000fdf847d0:   00000000fdf84830 0000000023165ac2
0x00000000fdf847e0:   0000000000000000 0000000038b28bd0
0x00000000fdf847f0:   00000000fdf847f0 0000000029b94ce1
0x00000000fdf84800:   00000000fdf84890 0000000029c157e0
0x00000000fdf84810:   0000000000000000 0000000029b94da8
0x00000000fdf84820:   0000000000000000 00000000fdf84850
0x00000000fdf84830:   00000000fdf848d0 00000000231604d7
0x00000000fdf84840:   ffffffffffffea77 0000000000000000
0x00000000fdf84850:   0000000038b287b0 0000000000000000 

Instructions: (pc=0x0000000078a77453)
0x0000000078a77443:   8d 4c 24 20 e8 84 5a 1b 00 80 3d 45 4e 3d 00 00
0x0000000078a77453:   48 8b 07 74 10 8b 48 08 48 8b 05 76 0a 3f 00 48 


Stack: [0x00000000f9fa0000,0x00000000fdfa0000],  sp=0x00000000fdf84760,  free space=65425k
Native frames: (J=compiled Java code, j=interpreted, Vv=VM code, C=native code)
C  0x0000000078a77453

Java frames: (J=compiled Java code, j=interpreted, Vv=VM code)
j  com.jniwrapper.Function.invokeVirtualFunc(JIB[BII[II)I+0
J  com.jniwrapper.FunctionCall.a(ZJJJIBLcom/jniwrapper/Parameter;[Lcom/jniwrapper/Parameter;)J
j  com.jniwrapper.FunctionCall.callVirtual(JIBLcom/jniwrapper/Parameter;[Lcom/jniwrapper/Parameter;)J+11
j  com.jniwrapper.win32.com.impl.IUnknownImpl.invokeVirtualMethod(IBLcom/jniwrapper/Parameter;[Lcom/jniwrapper/Parameter;)V+98
j  com.jniwrapper.win32.com.impl.IUnknownImpl.invokeStandardVirtualMethod(IB[Lcom/jniwrapper/Parameter;Z)Lcom/jniwrapper/win32/HResult;+8
j  com.jniwrapper.win32.com.impl.IUnknownImpl.invokeStandardVirtualMethod(IB[Lcom/jniwrapper/Parameter;)Lcom/jniwrapper/win32/HResult;+5
j  com.jniwrapper.win32.shdocvw.impl.IWebBrowser2Impl.navigate2(Lcom/jniwrapper/win32/automation/types/Variant;Lcom/jniwrapper/win32/automation/types/Variant;Lcom/jniwrapper/win32/automation/types/Variant;Lcom/jniwrapper/win32/automation/types/Variant;Lcom/jniwrapper/win32/automation/types/Variant;)V+117
j  com.jniwrapper.win32.ie.bh.execute(Lcom/jniwrapper/win32/shdocvw/IWebBrowser2;)V+41
j  com.jniwrapper.win32.ie.p.run()V+11
j  com.jniwrapper.win32.MessageLoopThread$ThreadSynchronizedAction.run()V+4
j  com.jniwrapper.win32.MessageLoopThread$LoopThread.run()V+415
v  ~StubRoutines::call_stub

---------------  P R O C E S S  ---------------

Java Threads: ( => current thread )
=>0x0000000077afc800 JavaThread "Main message loop" daemon [_thread_in_vm, id=7192, stack(0x00000000f9fa0000,0x00000000fdfa0000)]
  0x0000000077af1800 JavaThread "Browser Thread" daemon [_thread_blocked, id=4536, stack(0x00000000e9fa0000,0x00000000edfa0000)]
  0x0000000077af3000 JavaThread "pool-7-thread-1" [_thread_blocked, id=8084, stack(0x0000000109fa0000,0x000000010dfa0000)]
  0x0000000077af6800 JavaThread "Swing-Shell" daemon [_thread_blocked, id=7396, stack(0x0000000126f70000,0x000000012af70000)]
  0x0000000077afb000 JavaThread "Browser Events Thread" daemon [_thread_blocked, id=5960, stack(0x0000000144030000,0x0000000148030000)]
  0x0000000077af2000 JavaThread "Main message loop" daemon [_thread_in_native, id=7624, stack(0x00000000fdfa0000,0x0000000101fa0000)]
  0x0000000077af4800 JavaThread "pool-1-thread-1" [_thread_blocked, id=5928, stack(0x00000000f5fa0000,0x00000000f9fa0000)]
  0x0000000077afa000 JavaThread "pool-2-thread-1" [_thread_blocked, id=7444, stack(0x00000000d5fa0000,0x00000000d9fa0000)]
  0x0000000077af3800 JavaThread "Code Analyzer updating thread" [_thread_blocked, id=7040, stack(0x00000000f1fa0000,0x00000000f5fa0000)]
  0x0000000077af9800 JavaThread "Code Analyzer updating thread" [_thread_blocked, id=5996, stack(0x00000000edfa0000,0x00000000f1fa0000)]
  0x0000000077af6000 JavaThread "Prefs Updater" daemon [_thread_blocked, id=1328, stack(0x00000000a0000000,0x00000000a4000000)]
  0x0000000077af5000 JavaThread "Timer-2" daemon [_thread_blocked, id=7948, stack(0x0000000116f70000,0x000000011af70000)]
  0x0000000077af8000 JavaThread "com.jniwrapper.NativeResourceCollector" daemon [_thread_blocked, id=5100, stack(0x000000010ef70000,0x0000000112f70000)]
  0x0000000077af0800 JavaThread "Active Reference Queue Daemon" daemon [_thread_blocked, id=4164, stack(0x00000000e5fa0000,0x00000000e9fa0000)]
  0x0000000077af0000 JavaThread "Timer-1" daemon [_thread_blocked, id=7372, stack(0x00000000e1fa0000,0x00000000e5fa0000)]
  0x0000000077aef800 JavaThread "ClipboardMonitor Timer" daemon [_thread_blocked, id=5124, stack(0x00000000ddfa0000,0x00000000e1fa0000)]
  0x0000000052876800 JavaThread "Explorer NavigationContext request queue" daemon [_thread_blocked, id=304, stack(0x00000000d9fa0000,0x00000000ddfa0000)]
  0x0000000052874800 JavaThread "AddressBar directory emptiness poller" daemon [_thread_blocked, id=7216, stack(0x00000000cdfa0000,0x00000000d1fa0000)]
  0x0000000052873800 JavaThread "Explorer Refresh Service 68769219" daemon [_thread_blocked, id=7616, stack(0x00000000c9fa0000,0x00000000cdfa0000)]
  0x0000000052873000 JavaThread "Thread-4" daemon [_thread_blocked, id=7780, stack(0x00000000c4000000,0x00000000c8000000)]
  0x0000000052872000 JavaThread "TimerQueue" daemon [_thread_blocked, id=4664, stack(0x00000000c0000000,0x00000000c4000000)]
  0x000000005286f000 JavaThread "Thread-3" daemon [_thread_blocked, id=5728, stack(0x00000000ac000000,0x00000000b0000000)]
  0x0000000052871800 JavaThread "FelixPackageAdmin" daemon [_thread_blocked, id=3984, stack(0x00000000b8000000,0x00000000bc000000)]
  0x0000000052870800 JavaThread "FelixStartLevel" daemon [_thread_blocked, id=5644, stack(0x00000000b4000000,0x00000000b8000000)]
  0x0000000052870000 JavaThread "FelixDispatchQueue" daemon [_thread_blocked, id=5380, stack(0x00000000b0000000,0x00000000b4000000)]
  0x000000005286e800 JavaThread "AWT-EventQueue-0" [_thread_blocked, id=7200, stack(0x00000000a8000000,0x00000000ac000000)]
  0x000000005286e000 JavaThread "com.google.common.base.internal.Finalizer" daemon [_thread_blocked, id=5764, stack(0x00000000a4000000,0x00000000a8000000)]
  0x000000005286c800 JavaThread "AWT-Windows" daemon [_thread_in_native, id=6772, stack(0x000000009c000000,0x00000000a0000000)]
  0x000000005286b800 JavaThread "AWT-Shutdown" [_thread_blocked, id=4528, stack(0x0000000098000000,0x000000009c000000)]
  0x000000005286b000 JavaThread "Java2D Disposer" daemon [_thread_blocked, id=344, stack(0x0000000094000000,0x0000000098000000)]
  0x000000005286a000 JavaThread "Timer-0" [_thread_blocked, id=4084, stack(0x0000000090000000,0x0000000094000000)]
  0x0000000052869800 JavaThread "EventMgr Dispatcher" daemon [_thread_in_native, id=5536, stack(0x000000008c000000,0x0000000090000000)]
  0x0000000052868000 JavaThread "Low Memory Detector" daemon [_thread_blocked, id=7228, stack(0x0000000084000000,0x0000000088000000)]
  0x0000000052885000 JavaThread "CompilerThread1" daemon [_thread_blocked, id=6884, stack(0x0000000080000000,0x0000000084000000)]
  0x000000005287c000 JavaThread "CompilerThread0" daemon [_thread_blocked, id=5068, stack(0x000000006d630000,0x0000000071630000)]
  0x0000000052867800 JavaThread "Attach Listener" daemon [_thread_blocked, id=1448, stack(0x0000000062260000,0x0000000066260000)]
  0x000000005280d000 JavaThread "Finalizer" daemon [_thread_blocked, id=6816, stack(0x000000005a8f0000,0x000000005e8f0000)]
  0x0000000052806800 JavaThread "Reference Handler" daemon [_thread_blocked, id=5236, stack(0x00000000568f0000,0x000000005a8f0000)]
  0x00000000063f5800 JavaThread "main" [_thread_in_native, id=6392, stack(0x0000000000030000,0x0000000004030000)]

Other Threads:
  0x0000000052803000 VMThread [stack: 0x00000000528f0000,0x00000000568f0000] [id=5540]
  0x00000000528be800 WatcherThread [stack: 0x0000000088000000,0x000000008c000000] [id=4316]

VM state:not at safepoint (normal execution)

VM Mutex/Monitor currently owned by a thread: None

Heap
 PSYoungGen      total 27840K, used 24527K [0x0000000037460000, 0x0000000039190000, 0x000000003a560000)
  eden space 25792K, 90% used [0x0000000037460000,0x0000000038b2d4f0,0x0000000038d90000)
  from space 2048K, 57% used [0x0000000038f90000,0x00000000390b6850,0x0000000039190000)
  to   space 2048K, 0% used [0x0000000038d90000,0x0000000038d90000,0x0000000038f90000)
 PSOldGen        total 150528K, used 86176K [0x000000002e160000, 0x0000000037460000, 0x0000000037460000)
  object space 150528K, 57% used [0x000000002e160000,0x0000000033588338,0x0000000037460000)
 PSPermGen       total 129472K, used 75583K [0x0000000026160000, 0x000000002dfd0000, 0x000000002e160000)
  object space 129472K, 58% used [0x0000000026160000,0x000000002ab2fe98,0x000000002dfd0000)

Dynamic libraries:
0x0000000140000000 - 0x0000000140028000 	C:\Program Files\MATLAB\R2013a\bin\win64\MATLAB.exe
0x0000000077370000 - 0x0000000077519000 	C:\Windows\SYSTEM32\ntdll.dll
0x0000000077150000 - 0x000000007726f000 	C:\Windows\system32\kernel32.dll
0x000007fefd4d0000 - 0x000007fefd53b000 	C:\Windows\system32\KERNELBASE.dll
0x0000000074460000 - 0x0000000074515000 	C:\Program Files\MATLAB\R2013a\bin\win64\libut.dll
0x00000000758a0000 - 0x000000007595f000 	C:\Program Files\MATLAB\R2013a\bin\win64\libmwi18n.dll
0x0000000180000000 - 0x000000018000d000 	C:\Program Files\MATLAB\R2013a\bin\win64\libmwresource_core.dll
0x0000000069f90000 - 0x000000006a028000 	C:\Program Files\MATLAB\R2013a\bin\win64\MSVCP100.dll
0x0000000069eb0000 - 0x0000000069f82000 	C:\Program Files\MATLAB\R2013a\bin\win64\MSVCR100.dll
0x000000006d620000 - 0x000000006d62e000 	C:\Program Files\MATLAB\R2013a\bin\win64\boost_date_time-vc100-mt-1_49.dll
0x000000006d000000 - 0x000000006d02c000 	C:\Program Files\MATLAB\R2013a\bin\win64\boost_filesystem-vc100-mt-1_49.dll
0x0000000072410000 - 0x0000000072419000 	C:\Program Files\MATLAB\R2013a\bin\win64\boost_system-vc100-mt-1_49.dll
0x000007fefdf10000 - 0x000007fefdfeb000 	C:\Windows\system32\ADVAPI32.dll
0x000007fefe0b0000 - 0x000007fefe14f000 	C:\Windows\system32\msvcrt.dll
0x000007fefe850000 - 0x000007fefe86f000 	C:\Windows\SYSTEM32\sechost.dll
0x000007fefe710000 - 0x000007fefe83d000 	C:\Windows\system32\RPCRT4.dll
0x000000006d060000 - 0x000000006d085000 	C:\Program Files\MATLAB\R2013a\bin\win64\LIBEXPAT.dll
0x0000000069d20000 - 0x0000000069eaa000 	C:\Program Files\MATLAB\R2013a\bin\win64\icuin49.dll
0x00000000698e0000 - 0x0000000069a1e000 	C:\Program Files\MATLAB\R2013a\bin\win64\icuuc49.dll
0x0000000061130000 - 0x0000000062252000 	C:\Program Files\MATLAB\R2013a\bin\win64\icudt49.dll
0x000000006cc70000 - 0x000000006cc80000 	C:\Program Files\MATLAB\R2013a\bin\win64\icuio49.dll
0x0000000073f70000 - 0x0000000074112000 	C:\Program Files\MATLAB\R2013a\bin\win64\libmwfl.dll
0x000000007a350000 - 0x000000007a737000 	C:\Program Files\MATLAB\R2013a\bin\win64\libmwMATLAB_res.dll
0x0000000069a80000 - 0x0000000069b5f000 	C:\Program Files\MATLAB\R2013a\bin\win64\boost_regex-vc100-mt-1_49.dll
0x0000000077270000 - 0x000000007736a000 	C:\Windows\system32\USER32.dll
0x000007fefe1f0000 - 0x000007fefe257000 	C:\Windows\system32\GDI32.dll
0x000007fefd580000 - 0x000007fefd58e000 	C:\Windows\system32\LPK.dll
0x000007fefd590000 - 0x000007fefd659000 	C:\Windows\system32\USP10.dll
0x000000006c8f0000 - 0x000000006c901000 	C:\Program Files\MATLAB\R2013a\bin\win64\boost_signals-vc100-mt-1_49.dll
0x000000006cb00000 - 0x000000006cb11000 	C:\Program Files\MATLAB\R2013a\bin\win64\boost_thread-vc100-mt-1_49.dll
0x000007fef6bf0000 - 0x000007fef6c7c000 	C:\Program Files\MATLAB\R2013a\bin\win64\boost_log-vc100-mt-1_49.dll
0x0000000077530000 - 0x0000000077537000 	C:\Windows\system32\PSAPI.DLL
0x000007fefdce0000 - 0x000007fefdd2d000 	C:\Windows\system32\WS2_32.dll
0x000007fefe840000 - 0x000007fefe848000 	C:\Windows\system32\NSI.dll
0x000007fef6bb0000 - 0x000007fef6be3000 	C:\Program Files\MATLAB\R2013a\bin\win64\tbb.dll
0x000007fefdff0000 - 0x000007fefe009000 	C:\Windows\system32\imagehlp.dll
0x000007fefc330000 - 0x000007fefc35c000 	C:\Windows\system32\POWRPROF.dll
0x000007fefdd30000 - 0x000007fefdf07000 	C:\Windows\system32\SETUPAPI.dll
0x000007fefd540000 - 0x000007fefd576000 	C:\Windows\system32\CFGMGR32.dll
0x000007fefd6c0000 - 0x000007fefd797000 	C:\Windows\system32\OLEAUT32.dll
0x000007fefe260000 - 0x000007fefe463000 	C:\Windows\system32\ole32.dll
0x000007fefd4a0000 - 0x000007fefd4ba000 	C:\Windows\system32\DEVOBJ.dll
0x0000000004100000 - 0x0000000004121000 	C:\Program Files\MATLAB\R2013a\bin\win64\libmwmfl_scalar.dll
0x000007feee960000 - 0x000007feeea85000 	C:\Windows\system32\dbghelp.dll
0x0000000004240000 - 0x000000000456f000 	C:\Program Files\MATLAB\R2013a\bin\win64\libmwservices.dll
0x0000000075a20000 - 0x0000000075b0b000 	C:\Program Files\MATLAB\R2013a\bin\win64\libmx.dll
0x000007fef6e40000 - 0x000007fef6e68000 	C:\Program Files\MATLAB\R2013a\bin\win64\tbbmalloc.dll
0x000000006aa60000 - 0x000000006aa77000 	C:\Program Files\MATLAB\R2013a\bin\win64\zlib1.dll
0x0000000004570000 - 0x00000000045be000 	C:\Program Files\MATLAB\R2013a\bin\win64\libmwregexp.dll
0x0000000075f10000 - 0x0000000075f57000 	C:\Program Files\MATLAB\R2013a\bin\win64\mpath.dll
0x000000007b680000 - 0x000000007bc66000 	C:\Program Files\MATLAB\R2013a\bin\win64\mlutil.dll
0x00000000754d0000 - 0x0000000075547000 	C:\Program Files\MATLAB\R2013a\bin\win64\xmlcore.dll
0x0000000068280000 - 0x00000000684c1000 	C:\Program Files\MATLAB\R2013a\bin\win64\xerces-c_2_7.dll
0x00000000045c0000 - 0x00000000045e2000 	C:\Program Files\MATLAB\R2013a\bin\win64\libmwMATLAB_settings_res.dll
0x000007fefbd10000 - 0x000007fefbd20000 	C:\Program Files\MATLAB\R2013a\bin\win64\boost_iostreams-vc100-mt-1_49.dll
0x000007fef6b60000 - 0x000007fef6ba6000 	C:\Program Files\MATLAB\R2013a\bin\win64\boost_serialization-vc100-mt-1_49.dll
0x000007fefe870000 - 0x000007feff5f8000 	C:\Windows\system32\SHELL32.dll
0x000007feff600000 - 0x000007feff671000 	C:\Windows\system32\SHLWAPI.dll
0x00000000045f0000 - 0x00000000045f6000 	C:\Program Files\MATLAB\R2013a\bin\win64\libmwnativedisplay.dll
0x000007fef4220000 - 0x000007fef42c0000 	C:\Windows\WinSxS\amd64_microsoft.windows.common-controls_6595b64144ccf1df_5.82.7601.18201_none_a4d3b9377117c3df\COMCTL32.dll
0x000007fefe150000 - 0x000007fefe1e7000 	C:\Windows\system32\COMDLG32.dll
0x000007fefa7c0000 - 0x000007fefa7d6000 	C:\Windows\system32\NETAPI32.dll
0x000007fefa7b0000 - 0x000007fefa7bc000 	C:\Windows\system32\netutils.dll
0x000007fefceb0000 - 0x000007fefced3000 	C:\Windows\system32\srvcli.dll
0x000007fefa790000 - 0x000007fefa7a5000 	C:\Windows\system32\wkscli.dll
0x0000000074970000 - 0x0000000074a18000 	C:\Program Files\MATLAB\R2013a\bin\win64\mcr.dll
0x0000000075000000 - 0x00000000753b1000 	C:\Program Files\MATLAB\R2013a\bin\win64\iqm.dll
0x0000000074e80000 - 0x0000000074f30000 	C:\Program Files\MATLAB\R2013a\bin\win64\m_dispatcher.dll
0x0000000004600000 - 0x0000000004e08000 	C:\Program Files\MATLAB\R2013a\bin\win64\m_interpreter.dll
0x0000000004e10000 - 0x0000000004e34000 	C:\Program Files\MATLAB\R2013a\bin\win64\libmex.dll
0x0000000075430000 - 0x00000000754ab000 	C:\Program Files\MATLAB\R2013a\bin\win64\profiler.dll
0x0000000004e40000 - 0x00000000050c3000 	C:\Program Files\MATLAB\R2013a\bin\win64\libmwmathutil.dll
0x0000000079f40000 - 0x0000000079f66000 	C:\Program Files\MATLAB\R2013a\bin\win64\libmwmathrng.dll
0x00000000050d0000 - 0x00000000050e0000 	C:\Program Files\MATLAB\R2013a\bin\win64\libmwmfl_rng.dll
0x0000000074c10000 - 0x0000000074cf8000 	C:\Program Files\MATLAB\R2013a\bin\win64\libmwmathcore.dll
0x0000000076160000 - 0x00000000761c3000 	C:\Program Files\MATLAB\R2013a\bin\win64\libmwspmatrix.dll
0x000000007b0a0000 - 0x000000007b2f6000 	C:\Program Files\MATLAB\R2013a\bin\win64\mcos.dll
0x0000000075ea0000 - 0x0000000075f02000 	C:\Program Files\MATLAB\R2013a\bin\win64\libmwcholmod.dll
0x00000000050f0000 - 0x00000000050fd000 	C:\Program Files\MATLAB\R2013a\bin\win64\libmwamd.dll
0x0000000069220000 - 0x00000000692c3000 	C:\Windows\WinSxS\amd64_microsoft.vc90.crt_1fc8b3b9a1e18e3b_9.0.30729.6161_none_08e61857a83bc251\MSVCR90.dll
0x0000000005110000 - 0x000000000511c000 	C:\Program Files\MATLAB\R2013a\bin\win64\libmwcolamd.dll
0x000000007a290000 - 0x000000007a2a3000 	C:\Program Files\MATLAB\R2013a\bin\win64\libmwblas.dll
0x000000007a310000 - 0x000000007a325000 	C:\Program Files\MATLAB\R2013a\bin\win64\libmwbinder.dll
0x0000000005130000 - 0x000000000513b000 	C:\Program Files\MATLAB\R2013a\bin\win64\libmwompwrapper.dll
0x0000000075820000 - 0x000000007589e000 	C:\Program Files\MATLAB\R2013a\bin\win64\libmwlapack.dll
0x000000007a1b0000 - 0x000000007a1d0000 	C:\Program Files\MATLAB\R2013a\bin\win64\m_pcodeio.dll
0x0000000079b10000 - 0x0000000079b6c000 	C:\Program Files\MATLAB\R2013a\bin\win64\m_ir.dll
0x0000000078ed0000 - 0x0000000079579000 	C:\Program Files\MATLAB\R2013a\bin\win64\m_parser.dll
0x000000007a2f0000 - 0x000000007a307000 	C:\Program Files\MATLAB\R2013a\bin\win64\ir_xfmr.dll
0x0000000005140000 - 0x0000000005150000 	C:\Program Files\MATLAB\R2013a\bin\win64\mtok.dll
0x000000007a130000 - 0x000000007a158000 	C:\Program Files\MATLAB\R2013a\bin\win64\m_pcodegen.dll
0x0000000079fb0000 - 0x0000000079fdf000 	C:\Program Files\MATLAB\R2013a\bin\win64\libmwbridge.dll
0x0000000074f40000 - 0x0000000074ff6000 	C:\Program Files\MATLAB\R2013a\bin\win64\udd.dll
0x0000000073cc0000 - 0x0000000073e0e000 	C:\Program Files\MATLAB\R2013a\bin\win64\libmwgui.dll
0x000000007a1d0000 - 0x000000007a1f4000 	C:\Program Files\MATLAB\R2013a\bin\win64\graphics_util.dll
0x000007fef6a80000 - 0x000007fef6b38000 	C:\Program Files\MATLAB\R2013a\bin\win64\libtex_base.dll
0x0000000005150000 - 0x0000000005a93000 	C:\Program Files\MATLAB\R2013a\bin\win64\hg.dll
0x0000000076100000 - 0x000000007615a000 	C:\Program Files\MATLAB\R2013a\bin\win64\libmat.dll
0x0000000072d30000 - 0x0000000072f38000 	C:\Program Files\MATLAB\R2013a\bin\win64\hdf5dll.dll
0x0000000075710000 - 0x00000000757d8000 	C:\Program Files\MATLAB\R2013a\bin\win64\jmi.dll
0x0000000005ab0000 - 0x0000000005abe000 	C:\Program Files\MATLAB\R2013a\bin\win64\nativejava_services.dll
0x0000000005ac0000 - 0x0000000005b00000 	C:\Program Files\MATLAB\R2013a\bin\win64\libmwhardcopy.dll
0x0000000075c70000 - 0x0000000075cce000 	C:\Program Files\MATLAB\R2013a\bin\win64\libuij.dll
0x0000000072f50000 - 0x000000007318f000 	C:\Program Files\MATLAB\R2013a\bin\win64\hgdatatypes.dll
0x0000000005b00000 - 0x0000000005beb000 	C:\Program Files\MATLAB\R2013a\bin\win64\hgutils.dll
0x0000000005bf0000 - 0x0000000005c9e000 	C:\Program Files\MATLAB\R2013a\bin\win64\udd_mi.dll
0x0000000005ca0000 - 0x0000000005cd6000 	C:\Program Files\MATLAB\R2013a\bin\win64\libmwgbtutils.dll
0x0000000005ce0000 - 0x0000000005cf4000 	C:\Program Files\MATLAB\R2013a\bin\win64\libmwgbt.dll
0x0000000005d00000 - 0x0000000005fce000 	C:\Program Files\MATLAB\R2013a\bin\win64\uiw.dll
0x0000000005fd0000 - 0x0000000005fd9000 	C:\Program Files\MATLAB\R2013a\bin\win64\uinone.dll
0x0000000005fe0000 - 0x0000000006006000 	C:\Program Files\MATLAB\R2013a\bin\win64\libmwnativefiledialogs.dll
0x0000000006010000 - 0x000000000601c000 	C:\Program Files\MATLAB\R2013a\bin\win64\libmwplatform_res.dll
0x000007fef7800000 - 0x000007fef7818000 	C:\Windows\system32\MPR.dll
0x0000000067d20000 - 0x000000006827d000 	C:\Program Files\MATLAB\R2013a\bin\win64\mfc100.dll
0x000007fef9570000 - 0x000007fef9577000 	C:\Windows\system32\MSIMG32.dll
0x000007fef9d60000 - 0x000007fef9dd1000 	C:\Windows\system32\WINSPOOL.DRV
0x0000000006020000 - 0x000000000603d000 	C:\Program Files\MATLAB\R2013a\bin\win64\mwoles05.DLL
0x0000000006040000 - 0x00000000060ac000 	C:\Program Files\MATLAB\R2013a\bin\win64\comcli.dll
0x000000006b350000 - 0x000000006b37b000 	C:\Program Files\MATLAB\R2013a\bin\win64\ATL100.DLL
0x00000000060b0000 - 0x00000000060bc000 	C:\Program Files\MATLAB\R2013a\bin\win64\mlautoregister.dll
0x00000000060c0000 - 0x0000000006216000 	C:\Program Files\MATLAB\R2013a\bin\win64\mvm.dll
0x000007fefe470000 - 0x000007fefe49e000 	C:\Windows\system32\IMM32.DLL
0x000007fefe4a0000 - 0x000007fefe5a9000 	C:\Windows\system32\MSCTF.dll
0x000007fefbb60000 - 0x000007fefbbb6000 	C:\Windows\system32\UxTheme.dll
0x000007fefb570000 - 0x000007fefb588000 	C:\Windows\system32\dwmapi.dll
0x000000006cfc0000 - 0x000000006cfcd000 	C:\Program Files\MATLAB\R2013a\bin\win64\MFC100ENU.DLL
0x0000000006480000 - 0x00000000064ce000 	C:\Program Files\MATLAB\R2013a\bin\win64\MVMLocal.dll
0x000007fef40c0000 - 0x000007fef40e0000 	C:\Program Files (x86)\TeamViewer\Version8\tv_x64.dll

VM Arguments:
jvm_args: -XX:PermSize=32m -Xms64m -XX:NewRatio=3 -XX:MaxPermSize=128m -Xmx196m -XX:MaxDirectMemorySize=2147400000 -Dsun.java2d.noddraw=true -Dsun.awt.nopixfmt=true -Xshare:off -Xrs -Dsun.awt.disableMixing=true -Djava.library.path=C:\Program Files\MATLAB\R2013a\bin\win64;C:\Program Files\MATLAB\R2013a\sys\jxbrowser\win64\lib;C:\Users\ksp6\.wfdb-swig-matlab\0.0.1\lib-amd64 vfprintf abort -XX:ParallelGCThreads=6 
java_command: <unknown>
Launcher Type: generic

Environment Variables:
PATH=C:\Windows\system32;C:\Windows;C:\Windows\System32\Wbem;C:\Windows\System32\WindowsPowerShell\v1.0\;C:\Program Files\MATLAB\R2013a\runtime\win64;C:\Program Files\MATLAB\R2013a\bin;C:\Program Files (x86)\MATLAB\R2012b\runtime\win32;C:\Program Files (x86)\MATLAB\R2012b\bin;C:\Program Files (x86)\Toshiba\Bluetooth Toshiba Stack\sys\;C:\Program Files (x86)\Toshiba\Bluetooth Toshiba Stack\sys\x64\;C:\Program Files\Microsoft\Web Platform Installer\;C:\Program Files (x86)\Microsoft ASP.NET\ASP.NET Web Pages\v1.0\;C:\Program Files (x86)\Windows Kits\8.0\Windows Performance Toolkit\;C:\Program Files\Microsoft SQL Server\110\Tools\Binn\;C:\Program Files (x86)\PharosSystems\Core;c:\Program Files (x86)\Microsoft SQL Server\100\Tools\Binn\;c:\Program Files\Microsoft SQL Server\100\Tools\Binn\;c:\Program Files\Microsoft SQL Server\100\DTS\Binn\;C:\Program Files\TortoiseSVN\bin;C:\Program Files (x86)\CMake 2.8\bin;C:\Qt\4.8.4\bin;C:\Program Files (x86)\Graphviz2.30\bin;C:\cygwin\bin;C:\cygwin\usr\sbin;C:\Program Files\TortoiseGit\bin;C:\Program Files (x86)\MiKTeX 2.9\miktex\bin\
USERNAME=ksp6
OS=Windows_NT
PROCESSOR_IDENTIFIER=Intel64 Family 6 Model 42 Stepping 7, GenuineIntel



---------------  S Y S T E M  ---------------

OS: Windows 7 Build 7601 Service Pack 1

CPU:total 8 (8 cores per cpu, 2 threads per core) family 6 model 42 stepping 7, cmov, cx8, fxsr, mmx, sse, sse2, sse3, ssse3, sse4.1, sse4.2, ht

Memory: 4k page, physical 16733200k(10040160k free), swap 33464536k(27991540k free)

vm_info: Java HotSpot(TM) 64-Bit Server VM (14.3-b01) for windows-amd64 JRE (1.6.0_17-b04), built on Oct 11 2009 00:46:08 by "java_re" with MS VC++ 8.0

time: Wed Nov 27 01:57:59 2013
elapsed time: 23856 seconds

